src/__tests__/setup.ts(2,2): error TS1128: Declaration or statement expected.
src/components/auth/ProtectedRoute.tsx(10,1): error TS1128: Declaration or statement expected.
src/components/common/Button.tsx(8,3): error TS1128: Declaration or statement expected.
src/components/common/Card.tsx(12,1): error TS1128: Declaration or statement expected.
src/components/common/index.ts(2,2): error TS1128: Declaration or statement expected.
src/components/common/Input.tsx(8,3): error TS1128: Declaration or statement expected.
src/components/common/Modal.tsx(29,1): error TS1128: Declaration or statement expected.
src/components/common/Progress.tsx(29,1): error TS1128: Declaration or statement expected.
src/components/common/Select.tsx(8,3): error TS1128: Declaration or statement expected.
src/components/common/Skeleton.tsx(34,1): error TS1128: Declaration or statement expected.
src/components/common/TextArea.tsx(8,3): error TS1128: Declaration or statement expected.
src/components/dashboard/MetricCard.tsx(13,1): error TS1128: Declaration or statement expected.
src/components/dashboard/RecentActivities.tsx(10,1): error TS1128: Declaration or statement expected.
src/components/dashboard/RecentActivity.tsx(10,1): error TS1128: Declaration or statement expected.
src/components/emr/NoteInput.tsx(21,1): error TS1128: Declaration or statement expected.
src/components/layout/Sidebar.tsx(8,47): error TS1128: Declaration or statement expected.
src/components/layout/Sidebar.tsx(10,55): error TS1128: Declaration or statement expected.
src/components/layout/Sidebar.tsx(11,55): error TS1128: Declaration or statement expected.
src/components/layout/Sidebar.tsx(12,60): error TS1128: Declaration or statement expected.
src/components/layout/Sidebar.tsx(13,1): error TS1128: Declaration or statement expected.
src/components/patient/PatientFormModal 2.tsx(13,1): error TS1128: Declaration or statement expected.
src/components/patient/PatientFormModal.tsx(13,1): error TS1128: Declaration or statement expected.
src/lib/api.ts(115,1): error TS1128: Declaration or statement expected.
src/services/ai/__tests__/aiService.test.ts(2,2): error TS1128: Declaration or statement expected.
src/services/ai/__tests__/cacheService.test.ts(2,2): error TS1128: Declaration or statement expected.
src/services/ai/aiHistoryService.ts(2,2): error TS1128: Declaration or statement expected.
src/services/ai/aiHistoryService.ts(50,1): error TS1128: Declaration or statement expected.
src/services/ai/aiService.ts(783,1): error TS1128: Declaration or statement expected.
src/services/ai/cacheService.ts(2,2): error TS1128: Declaration or statement expected.
src/services/ai/cacheService.ts(193,1): error TS1128: Declaration or statement expected.
src/services/ai/lintingErrorService.ts(2,2): error TS1128: Declaration or statement expected.
src/services/ai/monitorService.ts(2,2): error TS1128: Declaration or statement expected.
src/services/ai/providers/AIProviderClient.ts(2,2): error TS1128: Declaration or statement expected.
src/services/ai/providers/index.ts(2,2): error TS1128: Declaration or statement expected.
src/services/ai/providers/MedPaLMProvider.ts(2,2): error TS1128: Declaration or statement expected.
src/services/ai/providers/OpenAIProvider.ts(2,2): error TS1128: Declaration or statement expected.
src/services/ai/types.ts(2,2): error TS1128: Declaration or statement expected.
src/services/api.ts(3,4): error TS1128: Declaration or statement expected.
src/services/api.ts(4,1): error TS1128: Declaration or statement expected.
src/services/api.ts(4,2): error TS1128: Declaration or statement expected.
src/services/appointmentService.ts(83,1): error TS1128: Declaration or statement expected.
src/services/auth.ts(2,2): error TS1128: Declaration or statement expected.
src/services/auth.ts(63,1): error TS1128: Declaration or statement expected.
src/services/dashboard.ts(2,2): error TS1128: Declaration or statement expected.
src/services/dashboardService.ts(2,2): error TS1128: Declaration or statement expected.
src/services/dashboardService.ts(24,1): error TS1128: Declaration or statement expected.
src/services/dashboardService.ts(26,1): error TS1128: Declaration or statement expected.
src/services/emr/EMRAdapter.ts(2,2): error TS1128: Declaration or statement expected.
src/services/integration/EMRAdapterInterface.ts(2,2): error TS1128: Declaration or statement expected.
src/services/patient.ts(2,2): error TS1128: Declaration or statement expected.
src/services/patient.ts(3,3): error TS1128: Declaration or statement expected.
src/services/patientService.ts(2,2): error TS1128: Declaration or statement expected.
src/services/patientService.ts(3,3): error TS1128: Declaration or statement expected.
src/services/patientService.ts(3,11): error TS1128: Declaration or statement expected.
src/services/patientService.ts(91,1): error TS1128: Declaration or statement expected.
src/services/storage/index.ts(2,2): error TS1128: Declaration or statement expected.
src/services/storage/index.ts(47,1): error TS1128: Declaration or statement expected.
